\BOOKMARK [0][]{ctitle.0}{\376\377\127\372\116\216\126\376\171\136\176\317\177\121\176\334\166\204\131\032\210\114\116\072\123\273\126\152\143\250\203\120\145\271\154\325\170\024\172\166}{}% 1
\BOOKMARK [0][]{etitle.0}{\376\377\000R\000e\000s\000e\000a\000r\000c\000h\000\040\000o\000n\000\040\000M\000u\000l\000t\000i\000-\000B\000e\000h\000a\000v\000i\000o\000r\000\040\000D\000e\000n\000o\000i\000s\000i\000n\000g\000\040\000R\000e\000c\000o\000m\000m\000e\000n\000d\000a\000t\000i\000o\000n\000\040\000M\000e\000t\000h\000o\000d\000\040\000B\000a\000s\000e\000d\000\040\000o\000n\000\040\000G\000r\000a\000p\000h\000\040\000N\000e\000u\000r\000a\000l\000\040\000N\000e\000t\000w\000o\000r\000k\000s}{}% 2
\BOOKMARK [0][]{section*.3}{\376\377\144\130\000\040\211\201}{}% 3
\BOOKMARK [0][]{section*.5}{\376\377\000A\000b\000s\000t\000r\000a\000c\000t}{}% 4
\BOOKMARK [0][]{ccontent.0}{\376\377\166\356\000\040\137\125}{}% 5
\BOOKMARK [0][]{chapter.1}{\376\377\173\054\0001\172\340\000\040\176\352\213\272}{}% 6
\BOOKMARK [1][]{section.1.1}{\376\377\0001\000.\0001\000\040\147\054\145\207\200\314\146\157\123\312\170\024\172\166\166\204\166\356\166\204\124\214\141\017\116\111}{chapter.1}% 7
\BOOKMARK [1][]{section.1.2}{\376\377\0001\000.\0002\000\040\126\375\121\205\131\026\166\370\121\163\170\024\172\166\151\202\217\360}{chapter.1}% 8
\BOOKMARK [2][]{subsection.1.2.1}{\376\377\0001\000.\0002\000.\0001\000\040\127\372\116\216\126\376\171\136\176\317\177\121\176\334\166\204\143\250\203\120\173\227\154\325\170\024\172\166\163\260\162\266}{section.1.2}% 9
\BOOKMARK [2][]{subsection.1.2.2}{\376\377\0001\000.\0002\000.\0002\000\040\127\372\116\216\126\376\171\136\176\317\177\121\176\334\166\204\131\032\210\114\116\072\143\250\203\120\170\024\172\166\163\260\162\266}{section.1.2}% 10
\BOOKMARK [2][]{subsection.1.2.3}{\376\377\0001\000.\0002\000.\0003\000\040\123\273\126\152\143\250\203\120\173\227\154\325\170\024\172\166\163\260\162\266}{section.1.2}% 11
\BOOKMARK [2][]{subsection.1.2.4}{\376\377\0001\000.\0002\000.\0004\000\040\131\032\152\041\140\001\116\016\131\047\152\041\127\213\232\161\122\250\166\204\143\250\203\120\170\024\172\166\163\260\162\266}{section.1.2}% 12
\BOOKMARK [2][]{subsection.1.2.5}{\376\377\0001\000.\0002\000.\0005\000\040\170\024\172\166\151\202\217\360\134\017\176\323}{section.1.2}% 13
\BOOKMARK [1][]{section.1.3}{\376\377\0001\000.\0003\000\040\147\054\145\207\166\204\116\073\211\201\170\024\172\166\121\205\133\271\123\312\172\340\202\202\133\211\143\222}{chapter.1}% 14
\BOOKMARK [2][]{subsection.1.3.1}{\376\377\0001\000.\0003\000.\0001\000\040\116\073\211\201\170\024\172\166\121\205\133\271}{section.1.3}% 15
\BOOKMARK [2][]{subsection.1.3.2}{\376\377\0001\000.\0003\000.\0002\000\040\213\272\145\207\176\304\176\307\176\323\147\204}{section.1.3}% 16
\BOOKMARK [2][]{subsection.1.3.3}{\376\377\0001\000.\0003\000.\0003\000\040\213\272\145\207\145\164\117\123\170\024\172\166\150\106\147\266}{section.1.3}% 17
\BOOKMARK [0][]{chapter.2}{\376\377\173\054\0002\172\340\000\040\126\376\171\136\176\317\177\121\176\334\116\016\133\371\153\324\133\146\116\140\166\370\121\163\164\006\213\272\151\202\217\360}{}% 18
\BOOKMARK [1][]{section.2.1}{\376\377\0002\000.\0001\000\040\137\025\212\000}{chapter.2}% 19
\BOOKMARK [1][]{section.2.2}{\376\377\0002\000.\0002\000\040\126\376\171\136\176\317\177\121\176\334\166\370\121\163\123\237\164\006\123\312\164\006\213\272\167\345\213\306}{chapter.2}% 20
\BOOKMARK [2][]{subsection.2.2.1}{\376\377\0002\000.\0002\000.\0001\000\040\126\376\171\136\176\317\177\121\176\334\166\204\127\372\147\054\155\101\172\013}{section.2.2}% 21
\BOOKMARK [2][]{subsection.2.2.2}{\376\377\0002\000.\0002\000.\0002\000\040\121\170\127\213\126\376\171\136\176\317\177\121\176\334\152\041\127\213}{section.2.2}% 22
\BOOKMARK [1][]{section.2.3}{\376\377\0002\000.\0003\000\040\133\371\153\324\133\146\116\140\166\370\121\163\123\237\164\006\123\312\164\006\213\272\167\345\213\306}{chapter.2}% 23
\BOOKMARK [1][]{section.2.4}{\376\377\0002\000.\0004\000\040\147\054\172\340\134\017\176\323}{chapter.2}% 24
\BOOKMARK [0][]{chapter.3}{\376\377\173\054\0003\172\340\000\040\126\152\130\360\141\037\167\345\116\016\120\117\131\175\143\320\123\326\166\204\131\032\210\114\116\072\143\250\203\120\145\271\154\325}{}% 25
\BOOKMARK [1][]{section.3.1}{\376\377\0003\000.\0001\000\040\137\025\212\000}{chapter.3}% 26
\BOOKMARK [1][]{section.3.2}{\376\377\0003\000.\0002\000\040\225\356\230\230\133\232\116\111\123\312\145\271\154\325\151\202\217\360}{chapter.3}% 27
\BOOKMARK [2][]{subsection.3.2.1}{\376\377\0003\000.\0002\000.\0001\000\040\225\356\230\230\133\232\116\111}{section.3.2}% 28
\BOOKMARK [2][]{subsection.3.2.2}{\376\377\0003\000.\0002\000.\0002\000\040\173\227\154\325\133\236\163\260\151\202\217\360}{section.3.2}% 29
\BOOKMARK [1][]{section.3.3}{\376\377\0003\000.\0003\000\040\210\114\116\072\225\364\116\016\210\114\116\072\121\205\122\240\147\103\123\273\126\152\152\041\127\127}{chapter.3}% 30
\BOOKMARK [1][]{section.3.4}{\376\377\0003\000.\0004\000\040\120\117\131\175\141\037\167\345\166\204\210\150\137\201\130\236\137\072\152\041\127\127}{chapter.3}% 31
\BOOKMARK [1][]{section.3.5}{\376\377\0003\000.\0005\000\040\152\041\127\213\213\255\176\303}{chapter.3}% 32
\BOOKMARK [1][]{section.3.6}{\376\377\0003\000.\0006\000\040\133\236\232\214\116\016\213\250\213\272}{chapter.3}% 33
\BOOKMARK [2][]{subsection.3.6.1}{\376\377\0003\000.\0006\000.\0001\000\040\213\304\116\367\143\007\150\007}{section.3.6}% 34
\BOOKMARK [2][]{subsection.3.6.2}{\376\377\0003\000.\0006\000.\0002\000\040\145\160\143\156\226\306\117\341\140\157}{section.3.6}% 35
\BOOKMARK [2][]{subsection.3.6.3}{\376\377\0003\000.\0006\000.\0003\000\040\133\236\232\214\213\276\177\156}{section.3.6}% 36
\BOOKMARK [2][]{subsection.3.6.4}{\376\377\0003\000.\0006\000.\0004\000\040\140\073\117\123\133\236\232\214\145\110\147\234}{section.3.6}% 37
\BOOKMARK [2][]{subsection.3.6.5}{\376\377\0003\000.\0006\000.\0005\000\040\155\210\207\215\133\236\232\214}{section.3.6}% 38
\BOOKMARK [2][]{subsection.3.6.6}{\376\377\0003\000.\0006\000.\0006\000\040\123\302\145\160\133\236\232\214}{section.3.6}% 39
\BOOKMARK [2][]{subsection.3.6.7}{\376\377\0003\000.\0006\000.\0007\000\040\150\110\117\213\170\024\172\166}{section.3.6}% 40
\BOOKMARK [1][]{section.3.7}{\376\377\0003\000.\0007\000\040\147\054\172\340\134\017\176\323}{chapter.3}% 41
\BOOKMARK [0][]{chapter.4}{\376\377\173\054\0004\172\340\000\040\126\152\130\360\141\037\167\345\116\016\120\117\131\175\143\320\123\326\166\204\131\032\152\041\140\001\131\032\210\114\116\072\143\250\203\120\145\271\154\325}{}% 42
\BOOKMARK [1][]{section.4.1}{\376\377\0004\000.\0001\000\040\137\025\212\000}{chapter.4}% 43
\BOOKMARK [1][]{section.4.2}{\376\377\0004\000.\0002\000\040\225\356\230\230\133\232\116\111\123\312\145\271\154\325\151\202\217\360}{chapter.4}% 44
\BOOKMARK [2][]{subsection.4.2.1}{\376\377\0004\000.\0002\000.\0001\000\040\225\356\230\230\133\232\116\111}{section.4.2}% 45
\BOOKMARK [2][]{subsection.4.2.2}{\376\377\0004\000.\0002\000.\0002\000\040\145\271\154\325\151\202\217\360}{section.4.2}% 46
\BOOKMARK [1][]{section.4.3}{\376\377\0004\000.\0003\000\040\131\032\152\041\140\001\217\205\122\251\120\117\131\175\136\372\152\041}{chapter.4}% 47
\BOOKMARK [1][]{section.4.4}{\376\377\0004\000.\0004\000\040\213\355\116\111\141\037\167\345\154\350\141\017\122\233\166\204\217\157\123\273\126\152\155\210\140\157\117\040\220\022}{chapter.4}% 48
\BOOKMARK [1][]{section.4.5}{\376\377\0004\000.\0005\000\040\152\041\140\001\141\037\167\345\126\376\130\236\137\072\116\016\133\371\153\324\133\146\116\140}{chapter.4}% 49
\BOOKMARK [1][]{section.4.6}{\376\377\0004\000.\0006\000\040\152\041\127\213\213\255\176\303}{chapter.4}% 50
\BOOKMARK [1][]{section.4.7}{\376\377\0004\000.\0007\000\040\133\236\232\214\116\016\213\250\213\272}{chapter.4}% 51
\BOOKMARK [2][]{subsection.4.7.1}{\376\377\0004\000.\0007\000.\0001\000\040\213\304\116\367\143\007\150\007}{section.4.7}% 52
\BOOKMARK [2][]{subsection.4.7.2}{\376\377\0004\000.\0007\000.\0002\000\040\145\160\143\156\226\306\117\341\140\157}{section.4.7}% 53
\BOOKMARK [2][]{subsection.4.7.3}{\376\377\0004\000.\0007\000.\0003\000\040\133\236\232\214\213\276\177\156}{section.4.7}% 54
\BOOKMARK [2][]{subsection.4.7.4}{\376\377\0004\000.\0007\000.\0004\000\040\140\073\117\123\133\236\232\214\145\110\147\234}{section.4.7}% 55
\BOOKMARK [2][]{subsection.4.7.5}{\376\377\0004\000.\0007\000.\0005\000\040\155\210\207\215\133\236\232\214}{section.4.7}% 56
\BOOKMARK [2][]{subsection.4.7.6}{\376\377\0004\000.\0007\000.\0006\000\040\123\302\145\160\133\236\232\214}{section.4.7}% 57
\BOOKMARK [2][]{subsection.4.7.7}{\376\377\0004\000.\0007\000.\0007\000\040\150\110\117\213\170\024\172\166}{section.4.7}% 58
\BOOKMARK [1][]{section.4.8}{\376\377\0004\000.\0008\000\040\147\054\172\340\134\017\176\323}{chapter.4}% 59
\BOOKMARK [0][]{section*.28}{\376\377\176\323\000\040\213\272}{}% 60
\BOOKMARK [0][]{section*.31}{\376\377\123\302\200\003\145\207\163\056}{}% 61
\BOOKMARK [0][]{section*.33}{\376\377\145\073\213\373\170\125\130\353\133\146\117\115\147\037\225\364\123\326\137\227\122\033\145\260\140\047\142\020\147\234}{}% 62
\BOOKMARK [0][]{section*.35}{\376\377\124\310\134\024\156\350\135\345\116\032\131\047\133\146\133\146\117\115\213\272\145\207\123\237\122\033\140\047\130\360\146\016\124\214\117\177\165\050\147\103\226\120}{}% 63
\BOOKMARK [0][]{section*.37}{\376\377\201\364\000\040\214\042}{}% 64
