\BOOKMARK [0][]{ccontent.0}{\376\377\166\356\000\040\137\125}{}% 1
\BOOKMARK [0][]{chapter.1}{\376\377\173\054\0001\172\340\000\040\213\376\230\230\116\073\211\201\170\024\172\166\121\205\133\271\123\312\217\333\136\246}{}% 2
\BOOKMARK [1][]{section.1.1}{\376\377\0001\000.\0001\000\040\213\376\230\230\116\073\211\201\170\024\172\166\121\205\133\271}{chapter.1}% 3
\BOOKMARK [1][]{section.1.2}{\376\377\0001\000.\0002\000\040\217\333\136\246\116\313\176\315}{chapter.1}% 4
\BOOKMARK [0][]{chapter.2}{\376\377\173\054\0002\172\340\000\040\166\356\122\115\135\362\133\214\142\020\166\204\116\073\211\201\170\024\172\166\135\345\117\134\123\312\176\323\147\234}{}% 5
\BOOKMARK [1][]{section.2.1}{\376\377\0002\000.\0001\000\040\145\160\143\156\226\306\166\204\203\267\123\326\123\312\230\204\131\004\164\006}{chapter.2}% 6
\BOOKMARK [2][]{subsection.2.1.1}{\376\377\0002\000.\0001\000.\0001\000\040\145\160\143\156\226\306\166\204\203\267\123\326}{section.2.1}% 7
\BOOKMARK [2][]{subsection.2.1.2}{\376\377\0002\000.\0001\000.\0002\000\040\145\160\143\156\230\204\131\004\164\006}{section.2.1}% 8
\BOOKMARK [1][]{section.2.2}{\376\377\0002\000.\0002\000\040\127\372\116\216\131\032\152\041\140\001\230\204\213\255\176\303\166\204\206\313\166\175\215\050\122\237\200\375\230\204\155\113\152\041\127\213}{chapter.2}% 9
\BOOKMARK [2][]{subsection.2.2.1}{\376\377\0002\000.\0002\000.\0001\000\040\206\313\166\175\215\050\136\217\122\027\124\214\176\323\147\204\166\204\230\204\213\255\176\303\162\171\137\201\143\320\123\326}{section.2.2}% 10
\BOOKMARK [2][]{subsection.2.2.2}{\376\377\0002\000.\0002\000.\0002\000\040\000G\000O\150\007\173\176\166\204\213\355\116\111\135\114\121\145\116\016\206\313\166\175\215\050\210\150\171\072\136\372\152\041}{section.2.2}% 11
\BOOKMARK [2][]{subsection.2.2.3}{\376\377\0002\000.\0002\000.\0003\000\040\131\032\116\373\122\241\133\146\116\140\150\106\147\266\116\016\122\237\200\375\230\204\155\113\147\072\122\066}{section.2.2}% 12
\BOOKMARK [1][]{section.2.3}{\376\377\0002\000.\0003\000\040\213\304\116\367\143\007\150\007\124\214\133\236\232\214\122\006\147\220}{chapter.2}% 13
\BOOKMARK [2][]{subsection.2.3.1}{\376\377\0002\000.\0003\000.\0001\000\040\213\304\116\367\143\007\150\007}{section.2.3}% 14
\BOOKMARK [2][]{subsection.2.3.2}{\376\377\0002\000.\0003\000.\0002\000\040\133\371\153\324\133\236\232\214\116\016\176\323\147\234\122\006\147\220}{section.2.3}% 15
\BOOKMARK [2][]{subsection.2.3.3}{\376\377\0002\000.\0003\000.\0003\000\040\155\210\207\215\133\236\232\214}{section.2.3}% 16
\BOOKMARK [1][]{section.2.4}{\376\377\0002\000.\0004\000\040\140\073\176\323}{chapter.2}% 17
\BOOKMARK [0][]{chapter.3}{\376\377\173\054\0003\172\340\000\040\124\016\147\037\142\337\133\214\142\020\166\204\170\024\172\166\135\345\117\134\123\312\217\333\136\246\133\211\143\222}{}% 18
\BOOKMARK [0][]{chapter.4}{\376\377\173\054\0004\172\340\000\040\133\130\127\050\225\356\230\230\116\016\126\360\226\276\123\312\211\343\121\263\145\271\150\110}{}% 19
\BOOKMARK [1][]{section.4.1}{\376\377\0004\000.\0001\000\040\133\130\127\050\225\356\230\230\116\016\126\360\226\276}{chapter.4}% 20
\BOOKMARK [1][]{section.4.2}{\376\377\0004\000.\0002\000\040\211\343\121\263\145\271\150\110}{chapter.4}% 21
\BOOKMARK [0][]{chapter.5}{\376\377\173\054\0005\172\340\000\040\131\202\147\037\133\214\142\020\121\150\220\350\213\272\145\207\135\345\117\134\166\204\123\357\200\375\140\047}{}% 22
\BOOKMARK [0][]{section*.9}{\376\377\123\302\200\003\145\207\163\056}{}% 23
