\BOOKMARK [0][]{ccontent.0}{\376\377\166\356\000\040\137\125}{}% 1
\BOOKMARK [0][]{chapter.1}{\376\377\173\054\0001\172\340\000\040\213\376\230\230\166\204\147\145\156\220\123\312\170\024\172\166\166\204\200\314\146\157\124\214\141\017\116\111}{}% 2
\BOOKMARK [1][]{section.1.1}{\376\377\0001\000.\0001\000\040\213\376\230\230\166\204\147\145\156\220}{chapter.1}% 3
\BOOKMARK [1][]{section.1.2}{\376\377\0001\000.\0002\000\040\213\376\230\230\170\024\172\166\166\204\200\314\146\157\124\214\141\017\116\111}{chapter.1}% 4
\BOOKMARK [0][]{chapter.2}{\376\377\173\054\0002\172\340\000\040\126\375\121\205\131\026\170\024\172\166\163\260\162\266\123\312\122\006\147\220}{}% 5
\BOOKMARK [1][]{section.2.1}{\376\377\0002\000.\0001\000\040\126\375\121\205\131\026\170\024\172\166\163\260\162\266}{chapter.2}% 6
\BOOKMARK [1][]{section.2.2}{\376\377\0002\000.\0002\000\040\126\375\121\205\131\026\145\207\163\056\176\374\217\360\123\312\173\200\147\220}{chapter.2}% 7
\BOOKMARK [2][]{subsection.2.2.1}{\376\377\0002\000.\0002\000.\0001\000\040\206\313\166\175\215\050\122\237\200\375\230\204\155\113\170\024\172\166\163\260\162\266}{section.2.2}% 8
\BOOKMARK [2][]{subsection.2.2.2}{\376\377\0002\000.\0002\000.\0002\000\040\131\032\152\041\140\001\230\204\213\255\176\303\206\313\166\175\215\050\122\237\200\375\230\204\155\113\170\024\172\166\163\260\162\266}{section.2.2}% 9
\BOOKMARK [2][]{subsection.2.2.3}{\376\377\0002\000.\0002\000.\0003\000\040\142\151\145\143\152\041\127\213\122\006\174\173\126\150\170\024\172\166\163\260\162\266}{section.2.2}% 10
\BOOKMARK [2][]{subsection.2.2.4}{\376\377\0002\000.\0002\000.\0004\000\040\206\313\166\175\215\050\122\237\200\375\230\204\155\113\230\206\127\337\170\024\172\166\217\333\134\125\140\073\176\323}{section.2.2}% 11
\BOOKMARK [0][]{chapter.3}{\376\377\173\054\0003\172\340\000\040\116\073\211\201\170\024\172\166\121\205\133\271\123\312\170\024\172\166\145\271\150\110}{}% 12
\BOOKMARK [1][]{section.3.1}{\376\377\0003\000.\0001\000\040\170\024\172\166\121\205\133\271}{chapter.3}% 13
\BOOKMARK [1][]{section.3.2}{\376\377\0003\000.\0002\000\040\170\024\172\166\145\271\150\110}{chapter.3}% 14
\BOOKMARK [2][]{subsection.3.2.1}{\376\377\0003\000.\0002\000.\0001\000\040\203\267\123\326\136\166\145\164\124\010\145\160\143\156\226\306}{section.3.2}% 15
\BOOKMARK [2][]{subsection.3.2.2}{\376\377\0003\000.\0002\000.\0002\000\040\147\204\136\372\123\314\122\006\145\057\000V\000A\000E\230\204\213\255\176\303\150\106\147\266}{section.3.2}% 16
\BOOKMARK [2][]{subsection.3.2.3}{\376\377\0003\000.\0002\000.\0003\000\040\147\204\136\372\142\151\145\143\152\041\127\213\177\121\176\334}{section.3.2}% 17
\BOOKMARK [2][]{subsection.3.2.4}{\376\377\0003\000.\0002\000.\0004\000\040\142\151\145\143\152\041\127\213\116\012\166\204\174\173\147\141\116\366\122\006\174\173\126\150}{section.3.2}% 18
\BOOKMARK [2][]{subsection.3.2.5}{\376\377\0003\000.\0002\000.\0005\000\040\117\030\123\026\131\032\150\007\173\176\122\006\174\173\126\150\123\312\152\041\127\213\213\304\117\060}{section.3.2}% 19
\BOOKMARK [0][]{chapter.4}{\376\377\173\054\0004\172\340\000\040\230\204\147\037\166\356\150\007}{}% 20
\BOOKMARK [1][]{section.4.1}{\376\377\0004\000.\0001\000\040\230\204\147\037\166\356\150\007}{chapter.4}% 21
\BOOKMARK [0][]{chapter.5}{\376\377\173\054\0005\172\340\000\040\135\362\133\214\142\020\166\204\170\024\172\166\135\345\117\134\123\312\217\333\136\246\133\211\143\222}{}% 22
\BOOKMARK [1][]{section.5.1}{\376\377\0005\000.\0001\000\040\135\362\133\214\142\020\166\204\170\024\172\166\135\345\117\134}{chapter.5}% 23
\BOOKMARK [1][]{section.5.2}{\376\377\0005\000.\0002\000\040\217\333\136\246\133\211\143\222}{chapter.5}% 24
\BOOKMARK [0][]{chapter.6}{\376\377\173\054\0006\172\340\000\040\135\362\121\167\131\007\166\204\170\024\172\166\147\141\116\366\124\214\142\100\227\000\147\141\116\366\123\312\176\317\215\071}{}% 25
\BOOKMARK [1][]{section.6.1}{\376\377\0006\000.\0001\000\040\133\236\232\214\133\244\147\141\116\366\124\214\176\317\215\071\117\335\226\234}{chapter.6}% 26
\BOOKMARK [1][]{section.6.2}{\376\377\0006\000.\0002\000\040\142\100\227\000\147\141\116\366\123\312\176\317\215\071}{chapter.6}% 27
\BOOKMARK [0][]{chapter.7}{\376\377\173\054\0007\172\340\000\040\230\204\213\241\126\360\226\276\123\312\211\343\121\263\145\271\150\110}{}% 28
\BOOKMARK [1][]{section.7.1}{\376\377\0007\000.\0001\000\040\230\204\213\241\126\360\226\276\116\016\142\200\147\057\226\276\160\271}{chapter.7}% 29
\BOOKMARK [1][]{section.7.2}{\376\377\0007\000.\0002\000\040\211\343\121\263\145\271\150\110}{chapter.7}% 30
\BOOKMARK [0][]{section*.11}{\376\377\123\302\200\003\145\207\163\056}{}% 31
