\BOOKMARK [1][-]{section.1}{\376\377\0001\000\040\000I\000n\000t\000r\000o\000d\000u\000c\000t\000i\000o\000n}{}% 1
\BOOKMARK [1][-]{section.2}{\376\377\0002\000\040\000M\000a\000t\000e\000r\000i\000a\000l\000s\000\040\000a\000n\000d\000\040\000m\000e\000t\000h\000o\000d\000s}{}% 2
\BOOKMARK [2][-]{subsection.2.1}{\376\377\0002\000.\0001\000\040\000O\000v\000e\000r\000v\000i\000e\000w}{section.2}% 3
\BOOKMARK [2][-]{subsection.2.2}{\376\377\0002\000.\0002\000\040\000D\000a\000t\000a\000s\000e\000t\000s}{section.2}% 4
\BOOKMARK [3][-]{subsubsection.2.2.1}{\376\377\0002\000.\0002\000.\0001\000\040\000S\000u\000p\000e\000r\000v\000i\000s\000e\000d\000\040\000T\000r\000a\000i\000n\000i\000n\000g\000\040\000S\000e\000t\000\040\000C\000o\000n\000s\000t\000r\000u\000c\000t\000i\000o\000n}{subsection.2.2}% 5
\BOOKMARK [3][-]{subsubsection.2.2.2}{\376\377\0002\000.\0002\000.\0002\000\040\000Z\000e\000r\000o\000-\000s\000h\000o\000t\000\040\000T\000e\000s\000t\000\040\000S\000e\000t\000\040\000C\000o\000n\000s\000t\000r\000u\000c\000t\000i\000o\000n}{subsection.2.2}% 6
\BOOKMARK [3][-]{subsubsection.2.2.3}{\376\377\0002\000.\0002\000.\0003\000\040\000D\000a\000t\000a\000s\000e\000t\000\040\000S\000t\000a\000t\000i\000s\000t\000i\000c\000s}{subsection.2.2}% 7
\BOOKMARK [2][-]{subsection.2.3}{\376\377\0002\000.\0003\000\040\000F\000e\000a\000t\000u\000r\000e\000\040\000E\000x\000t\000r\000a\000c\000t\000i\000o\000n\000\040\000P\000h\000a\000s\000e}{section.2}% 8
\BOOKMARK [3][-]{subsubsection.2.3.1}{\376\377\0002\000.\0003\000.\0001\000\040\000P\000r\000o\000t\000e\000i\000n\000\040\000S\000e\000q\000u\000e\000n\000c\000e\000\040\000R\000e\000p\000r\000e\000s\000e\000n\000t\000a\000t\000i\000o\000n}{subsection.2.3}% 9
\BOOKMARK [3][-]{subsubsection.2.3.2}{\376\377\0002\000.\0003\000.\0002\000\040\000S\000e\000m\000a\000n\000t\000i\000c\000\040\000T\000e\000x\000t\000\040\000R\000e\000p\000r\000e\000s\000e\000n\000t\000a\000t\000i\000o\000n}{subsection.2.3}% 10
\BOOKMARK [4][-]{section*.4}{\376\377\000L\000a\000b\000e\000l\000\040\000D\000e\000f\000i\000n\000i\000t\000i\000o\000n\000\040\000E\000n\000c\000o\000d\000i\000n\000g\000:}{subsubsection.2.3.2}% 11
\BOOKMARK [4][-]{section*.5}{\376\377\000D\000o\000m\000a\000i\000n\000\040\000D\000e\000s\000c\000r\000i\000p\000t\000i\000o\000n\000\040\000E\000n\000c\000o\000d\000i\000n\000g\000:}{subsubsection.2.3.2}% 12
\BOOKMARK [2][-]{subsection.2.4}{\376\377\0002\000.\0004\000\040\000T\000r\000a\000i\000n\000i\000n\000g\000\040\000S\000t\000a\000g\000e}{section.2}% 13
\BOOKMARK [3][-]{subsubsection.2.4.1}{\376\377\0002\000.\0004\000.\0001\000\040\000F\000e\000a\000t\000u\000r\000e\000\040\000P\000r\000o\000j\000e\000c\000t\000i\000o\000n\000\040\000a\000n\000d\000\040\000M\000o\000d\000a\000l\000i\000t\000y\000-\000S\000p\000e\000c\000i\000f\000i\000c\000\040\000D\000r\000o\000p\000o\000u\000t}{subsection.2.4}% 14
\BOOKMARK [3][-]{subsubsection.2.4.2}{\376\377\0002\000.\0004\000.\0002\000\040\000A\000d\000a\000p\000t\000i\000v\000e\000\040\000G\000a\000t\000e\000d\000\040\000F\000u\000s\000i\000o\000n\000\040\000M\000e\000c\000h\000a\000n\000i\000s\000m}{subsection.2.4}% 15
\BOOKMARK [3][-]{subsubsection.2.4.3}{\376\377\0002\000.\0004\000.\0003\000\040\000O\000p\000t\000i\000m\000i\000z\000a\000t\000i\000o\000n\000\040\000O\000b\000j\000e\000c\000t\000i\000v\000e}{subsection.2.4}% 16
\BOOKMARK [1][-]{section.3}{\376\377\0003\000\040\000E\000x\000p\000e\000r\000i\000m\000e\000n\000t\000a\000l\000\040\000R\000e\000s\000u\000l\000t\000s\000\040\000a\000n\000d\000\040\000A\000n\000a\000l\000y\000s\000i\000s}{}% 17
\BOOKMARK [2][-]{subsection.3.1}{\376\377\0003\000.\0001\000\040\000M\000e\000t\000r\000i\000c\000s\000\040\000f\000o\000r\000\040\000E\000v\000a\000l\000u\000a\000t\000i\000o\000n}{section.3}% 18
\BOOKMARK [2][-]{subsection.3.2}{\376\377\000E\000x\000p\000e\000r\000i\000m\000e\000n\000t\000a\000l\000\040\000S\000e\000t\000u\000p}{section.3}% 19
\BOOKMARK [2][-]{subsection.3.3}{\376\377\0003\000.\0003\000\040\000P\000e\000r\000f\000o\000r\000m\000a\000n\000c\000e\000\040\000C\000o\000m\000p\000a\000r\000i\000s\000o\000n}{section.3}% 20
\BOOKMARK [3][-]{subsubsection.3.3.1}{\376\377\0003\000.\0003\000.\0001\000\040\000P\000e\000r\000f\000o\000r\000m\000a\000n\000c\000e\000\040\000o\000n\000\040\000G\000e\000n\000e\000r\000a\000l\000\040\000T\000e\000s\000t\000\040\000S\000e\000t}{subsection.3.3}% 21
\BOOKMARK [3][-]{subsubsection.3.3.2}{\376\377\0003\000.\0003\000.\0002\000\040\000E\000v\000a\000l\000u\000a\000t\000i\000o\000n\000\040\000o\000f\000\040\000U\000n\000s\000e\000e\000n\000\040\000C\000a\000p\000a\000b\000i\000l\000i\000t\000i\000e\000s}{subsection.3.3}% 22
\BOOKMARK [3][-]{subsubsection.3.3.3}{\376\377\0003\000.\0003\000.\0003\000\040\000D\000e\000t\000a\000i\000l\000e\000d\000\040\000E\000v\000a\000l\000u\000a\000t\000i\000o\000n\000\040\000o\000n\000\040\000Z\000e\000r\000o\000-\000s\000h\000o\000t\000\040\000S\000c\000e\000n\000a\000r\000i\000o\000s}{subsection.3.3}% 23
\BOOKMARK [2][-]{subsection.3.4}{\376\377\0003\000.\0004\000\040\000A\000b\000l\000a\000t\000i\000o\000n\000\040\000S\000t\000u\000d\000y}{section.3}% 24
\BOOKMARK [2][-]{subsection.3.5}{\376\377\0003\000.\0005\000\040\000A\000n\000a\000l\000y\000s\000i\000s\000\040\000o\000f\000\040\000P\000a\000r\000a\000m\000e\000t\000e\000r\000\040\000S\000e\000n\000s\000i\000t\000i\000v\000i\000t\000y}{section.3}% 25
\BOOKMARK [1][-]{section.4}{\376\377\0004\000\040\000C\000o\000n\000c\000l\000u\000s\000i\000o\000n}{}% 26
\BOOKMARK [1][-]{section.5}{\376\377\000A\000u\000t\000h\000o\000r\000\040\000C\000o\000n\000t\000r\000i\000b\000u\000t\000i\000o\000n\000s}{}% 27
\BOOKMARK [1][-]{section.6}{\376\377\000S\000u\000p\000p\000l\000e\000m\000e\000n\000t\000a\000r\000y\000\040\000D\000a\000t\000a}{}% 28
\BOOKMARK [1][-]{section.7}{\376\377\000F\000u\000n\000d\000i\000n\000g}{}% 29
